Mono path[0] = '/media/nicolas/DATA/kDrive/MSE/GT/mse-ma-gt-revisitors/Revisitors/game_Data/Managed'
Mono config path = '/media/nicolas/DATA/kDrive/MSE/GT/mse-ma-gt-revisitors/Revisitors/game_Data/MonoBleedingEdge/etc'
PlayerConnection initialized from /media/nicolas/DATA/kDrive/MSE/GT/mse-ma-gt-revisitors/Revisitors/game_Data (debug = 0)
PlayerConnection initialized network socket : 0.0.0.0 55034
Multi-casting "[IP] 192.168.43.10 [Port] 55034 [Flags] 2 [Guid] 3679663057 [EditorId] 1816369422 [Version] 1048832 [Id] LinuxPlayer(192.168.43.10) [Debug] 0 [PackageName] LinuxPlayer [ProjectName] ElonMarsk" to [225.0.0.222:54997]...
Started listening to [0.0.0.0:55034]
Preloaded 'libnanosockets.so'
PlayerConnection already initialized - listening to [0.0.0.0:55034]
Display 0 '0': 1920x1080 (primary device).
Display 1 'HP E232 23"': 1920x1080 (secondary device).
Desktop is 1920 x 1080 @ 60 Hz
Initialize engine version: 2020.3.31f1 (6b54b7616050)
[Subsystems] Discovering subsystems at path /media/nicolas/DATA/kDrive/MSE/GT/mse-ma-gt-revisitors/Revisitors/game_Data/UnitySubsystems
GfxDevice: creating device client; threaded=1
Renderer: Mesa Intel(R) HD Graphics 620 (KBL GT2)
Vendor:   Intel
Version:  4.6 (Core Profile) Mesa 21.2.6
GLES:     0
 GL_3DFX_texture_compression_FXT1 GL_AMD_conservative_depth GL_AMD_depth_clamp_separate GL_AMD_draw_buffers_blend GL_AMD_gpu_shader_int64 GL_AMD_multi_draw_indirect GL_AMD_performance_monitor GL_AMD_pinned_memory GL_AMD_query_buffer_object GL_AMD_seamless_cubemap_per_texture GL_AMD_shader_stencil_export GL_AMD_shader_trinary_minmax GL_AMD_texture_texture4 GL_AMD_vertex_shader_layer GL_AMD_vertex_shader_viewport_index GL_ANGLE_texture_compression_dxt3 GL_ANGLE_texture_compression_dxt5 GL_ARB_ES2_compatibility GL_ARB_ES3_1_compatibility GL_ARB_ES3_2_compatibility GL_ARB_ES3_compatibility GL_ARB_arrays_of_arrays GL_ARB_base_instance GL_ARB_blend_func_extended GL_ARB_buffer_storage GL_ARB_clear_buffer_object GL_ARB_clear_texture GL_ARB_clip_control GL_ARB_compressed_texture_pixel_storage GL_ARB_compute_shader GL_ARB_compute_variable_group_size GL_ARB_conditional_render_inverted GL_ARB_conservative_depth GL_ARB_copy_buffer GL_ARB_copy_image GL_ARB_cull_distance GL_ARB_debug_output GL_ARB_depth_buffer_float GL_ARB
_depth_clamp GL_ARB_derivative_control GL_ARB_direct_state_access GL_ARB_draw_buffers GL_ARB_draw_buffers_blend GL_ARB_draw_elements_base_vertex GL_ARB_draw_indirect GL_ARB_draw_instanced GL_ARB_enhanced_layouts GL_ARB_explicit_attrib_location GL_ARB_explicit_uniform_location GL_ARB_fragment_coord_conventions GL_ARB_fragment_layer_viewport GL_ARB_fragment_shader GL_ARB_fragment_shader_interlock GL_ARB_framebuffer_no_attachments GL_ARB_framebuffer_object GL_ARB_framebuffer_sRGB GL_ARB_get_program_binary GL_ARB_get_texture_sub_image GL_ARB_gl_spirv GL_ARB_gpu_shader5 GL_ARB_gpu_shader_fp64 GL_ARB_gpu_shader_int64 GL_ARB_half_float_pixel GL_ARB_half_float_vertex GL_ARB_indirect_parameters GL_ARB_instanced_arrays GL_ARB_internalformat_query GL_ARB_internalformat_query2 GL_ARB_invalidate_subdata GL_ARB_map_buffer_alignment GL_ARB_map_buffer_range GL_ARB_multi_bind GL_ARB_multi_draw_indirect GL_ARB_occlusion_query2 GL_ARB_parallel_shader_compile GL_ARB_pipeline_statistics_query GL_ARB_pixel_buffer_object GL_ARB_po
int_sprite GL_ARB_polygon_offset_clamp GL_ARB_post_depth_coverage GL_ARB_program_interface_query GL_ARB_provoking_vertex GL_ARB_query_buffer_object GL_ARB_robust_buffer_access_behavior GL_ARB_robustness GL_ARB_sample_shading GL_ARB_sampler_objects GL_ARB_seamless_cube_map GL_ARB_seamless_cubemap_per_texture GL_ARB_separate_shader_objects GL_ARB_shader_atomic_counter_ops GL_ARB_shader_atomic_counters GL_ARB_shader_ballot GL_ARB_shader_bit_encoding GL_ARB_shader_clock GL_ARB_shader_draw_parameters GL_ARB_shader_group_vote GL_ARB_shader_image_load_store GL_ARB_shader_image_size GL_ARB_shader_objects GL_ARB_shader_precision GL_ARB_shader_stencil_export GL_ARB_shader_storage_buffer_object GL_ARB_shader_subroutine GL_ARB_shader_texture_image_samples GL_ARB_shader_texture_lod GL_ARB_shader_viewport_layer_array GL_ARB_shading_language_420pack GL_ARB_shading_language_include GL_ARB_shading_language_packing GL_ARB_spirv_extensions GL_ARB_stencil_texturing GL_ARB_sync GL_ARB_tessellation_shader GL_ARB_texture_barrier G
L_ARB_texture_buffer_object GL_ARB_texture_buffer_object_rgb32 GL_ARB_texture_buffer_range GL_ARB_texture_compression_bptc GL_ARB_texture_compression_rgtc GL_ARB_texture_cube_map_array GL_ARB_texture_filter_anisotropic GL_ARB_texture_float GL_ARB_texture_gather GL_ARB_texture_mirror_clamp_to_edge GL_ARB_texture_multisample GL_ARB_texture_non_power_of_two GL_ARB_texture_query_levels GL_ARB_texture_query_lod GL_ARB_texture_rectangle GL_ARB_texture_rg GL_ARB_texture_rgb10_a2ui GL_ARB_texture_stencil8 GL_ARB_texture_storage GL_ARB_texture_storage_multisample GL_ARB_texture_swizzle GL_ARB_texture_view GL_ARB_timer_query GL_ARB_transform_feedback2 GL_ARB_transform_feedback3 GL_ARB_transform_feedback_instanced GL_ARB_transform_feedback_overflow_query GL_ARB_uniform_buffer_object GL_ARB_vertex_array_bgra GL_ARB_vertex_array_object GL_ARB_vertex_attrib_64bit GL_ARB_vertex_attrib_binding GL_ARB_vertex_buffer_object GL_ARB_vertex_shader GL_ARB_vertex_type_10f_11f_11f_rev GL_ARB_vertex_type_2_10_10_10_rev GL_ARB_viewpor
t_array GL_ATI_blend_equation_separate GL_ATI_texture_float GL_EXT_EGL_image_storage GL_EXT_EGL_sync GL_EXT_abgr GL_EXT_blend_equation_separate GL_EXT_demote_to_helper_invocation GL_EXT_draw_buffers2 GL_EXT_draw_instanced GL_EXT_framebuffer_blit GL_EXT_framebuffer_multisample GL_EXT_framebuffer_multisample_blit_scaled GL_EXT_framebuffer_object GL_EXT_framebuffer_sRGB GL_EXT_memory_object GL_EXT_memory_object_fd GL_EXT_packed_depth_stencil GL_EXT_packed_float GL_EXT_pixel_buffer_object GL_EXT_polygon_offset_clamp GL_EXT_provoking_vertex GL_EXT_semaphore GL_EXT_semaphore_fd GL_EXT_shader_framebuffer_fetch GL_EXT_shader_framebuffer_fetch_non_coherent GL_EXT_shader_integer_mix GL_EXT_shader_samples_identical GL_EXT_texture_array GL_EXT_texture_compression_dxt1 GL_EXT_texture_compression_rgtc GL_EXT_texture_compression_s3tc GL_EXT_texture_filter_anisotropic GL_EXT_texture_integer GL_EXT_texture_sRGB GL_EXT_texture_sRGB_R8 GL_EXT_texture_sRGB_decode GL_EXT_texture_shadow_lod GL_EXT_texture_shared_exponent GL_EXT_t
exture_snorm GL_EXT_texture_swizzle GL_EXT_timer_query GL_EXT_transform_feedback GL_EXT_vertex_array_bgra GL_EXT_vertex_attrib_64bit GL_IBM_multimode_draw_arrays GL_INTEL_blackhole_render GL_INTEL_conservative_rasterization GL_INTEL_performance_query GL_INTEL_shader_atomic_float_minmax GL_INTEL_shader_integer_functions2 GL_KHR_blend_equation_advanced GL_KHR_blend_equation_advanced_coherent GL_KHR_context_flush_control GL_KHR_debug GL_KHR_no_error GL_KHR_parallel_shader_compile GL_KHR_robust_buffer_access_behavior GL_KHR_robustness GL_KHR_texture_compression_astc_ldr GL_KHR_texture_compression_astc_sliced_3d GL_MESA_framebuffer_flip_y GL_MESA_pack_invert GL_MESA_shader_integer_functions GL_MESA_texture_signed_rgba GL_NV_compute_shader_derivatives GL_NV_conditional_render GL_NV_copy_image GL_NV_depth_clamp GL_NV_fragment_shader_interlock GL_NV_packed_depth_stencil GL_NV_texture_barrier GL_OES_EGL_image GL_S3_s3tc
OPENGL LOG: Creating OpenGL 4.6 graphics device ; Context level  <OpenGL 4.5> ; Context handle 31105904
Begin MonoManager ReloadAssembly
- Completed reload, in  0.702 seconds
Default vsync count 1
requesting resize 1920 x 1080
Using native desktop resolution 1920 x 1080
requesting fullscreen 1920 x 1080 at 0 Hz
Desktop is 1920 x 1080 @ 60 Hz
UnloadTime: 2.211979 ms
PUN is in development mode (development build). As the 'dev region' is not empty (eu) it overrides the found best region. See PhotonServerSettings.
UnityEngine.StackTraceUtility:ExtractStackTrace () (at /home/bokken/buildslave/unity/build/Runtime/Export/Scripting/StackTrace.cs:37)
UnityEngine.DebugLogHandler:LogFormat (UnityEngine.LogType,UnityEngine.Object,string,object[])
UnityEngine.Logger:Log (UnityEngine.LogType,object)
UnityEngine.Debug:LogWarning (object)
Photon.Pun.PhotonNetwork:OnRegionsPinged (Photon.Realtime.RegionHandler) (at /media/nicolas/DATA/kDrive/MSE/GT/mse-ma-gt-revisitors/Revisitors/Assets/Photon/PhotonUnityNetworking/Code/PhotonNetworkPart.cs:2538)
Photon.Realtime.RegionHandler:OnRegionDone (Photon.Realtime.Region) (at /media/nicolas/DATA/kDrive/MSE/GT/mse-ma-gt-revisitors/Revisitors/Assets/Photon/PhotonRealtime/Code/RegionHandler.cs:325)
Photon.Realtime.RegionPinger:RegionPingThreaded () (at /media/nicolas/DATA/kDrive/MSE/GT/mse-ma-gt-revisitors/Revisitors/Assets/Photon/PhotonRealtime/Code/RegionHandler.cs:522)
Photon.Realtime.RegionPinger:RegionPingPooled (object) (at /media/nicolas/DATA/kDrive/MSE/GT/mse-ma-gt-revisitors/Revisitors/Assets/Photon/PhotonRealtime/Code/RegionHandler.cs:456)
System.Threading.QueueUserWorkItemCallback:WaitCallback_Context (object)
System.Threading.ExecutionContext:RunInternal (System.Threading.ExecutionContext,System.Threading.ContextCallback,object,bool)
System.Threading.ExecutionContext:Run (System.Threading.ExecutionContext,System.Threading.ContextCallback,object,bool)
System.Threading.QueueUserWorkItemCallback:System.Threading.IThreadPoolWorkItem.ExecuteWorkItem ()
System.Threading.ThreadPoolWorkQueue:Dispatch ()
System.Threading._ThreadPoolWaitCallback:PerformWaitCallback ()

(Filename: /media/nicolas/DATA/kDrive/MSE/GT/mse-ma-gt-revisitors/Revisitors/Assets/Photon/PhotonUnityNetworking/Code/PhotonNetworkPart.cs Line: 2538)

PUN Basics Tutorial/Launcher: OnConnectedToMaster() was called by PUN
UnityEngine.StackTraceUtility:ExtractStackTrace () (at /home/bokken/buildslave/unity/build/Runtime/Export/Scripting/StackTrace.cs:37)
UnityEngine.DebugLogHandler:LogFormat (UnityEngine.LogType,UnityEngine.Object,string,object[])
UnityEngine.Logger:Log (UnityEngine.LogType,object)
UnityEngine.Debug:Log (object)
Launcher:OnConnectedToMaster () (at /media/nicolas/DATA/kDrive/MSE/GT/mse-ma-gt-revisitors/Revisitors/Assets/Network/Launcher.cs:111)
Photon.Realtime.ConnectionCallbacksContainer:OnConnectedToMaster () (at /media/nicolas/DATA/kDrive/MSE/GT/mse-ma-gt-revisitors/Revisitors/Assets/Photon/PhotonRealtime/Code/LoadBalancingClient.cs:4087)
Photon.Realtime.LoadBalancingClient:OnOperationResponse (ExitGames.Client.Photon.OperationResponse) (at /media/nicolas/DATA/kDrive/MSE/GT/mse-ma-gt-revisitors/Revisitors/Assets/Photon/PhotonRealtime/Code/LoadBalancingClient.cs:2728)
ExitGames.Client.Photon.PeerBase:DeserializeMessageAndCallback (ExitGames.Client.Photon.StreamBuffer) (at D:/Dev/Work/photon-dotnet-sdk/PhotonDotNet/PeerBase.cs:872)
ExitGames.Client.Photon.EnetPeer:DispatchIncomingCommands () (at D:/Dev/Work/photon-dotnet-sdk/PhotonDotNet/EnetPeer.cs:565)
ExitGames.Client.Photon.PhotonPeer:DispatchIncomingCommands () (at D:/Dev/Work/photon-dotnet-sdk/PhotonDotNet/PhotonPeer.cs:1771)
Photon.Pun.PhotonHandler:Dispatch () (at /media/nicolas/DATA/kDrive/MSE/GT/mse-ma-gt-revisitors/Revisitors/Assets/Photon/PhotonUnityNetworking/Code/PhotonHandler.cs:222)
Photon.Pun.PhotonHandler:FixedUpdate () (at /media/nicolas/DATA/kDrive/MSE/GT/mse-ma-gt-revisitors/Revisitors/Assets/Photon/PhotonUnityNetworking/Code/PhotonHandler.cs:145)

(Filename: /media/nicolas/DATA/kDrive/MSE/GT/mse-ma-gt-revisitors/Revisitors/Assets/Network/Launcher.cs Line: 111)

PUN Basics Tutorial/Launcher:OnJoinRandomFailed() was called by PUN. No random room available, so we create one.
Calling: PhotonNetwork.CreateRoom
UnityEngine.StackTraceUtility:ExtractStackTrace () (at /home/bokken/buildslave/unity/build/Runtime/Export/Scripting/StackTrace.cs:37)
UnityEngine.DebugLogHandler:LogFormat (UnityEngine.LogType,UnityEngine.Object,string,object[])
UnityEngine.Logger:Log (UnityEngine.LogType,object)
UnityEngine.Debug:Log (object)
Launcher:OnJoinRandomFailed (int16,string) (at /media/nicolas/DATA/kDrive/MSE/GT/mse-ma-gt-revisitors/Revisitors/Assets/Network/Launcher.cs:130)
Photon.Realtime.MatchMakingCallbacksContainer:OnJoinRandomFailed (int16,string) (at /media/nicolas/DATA/kDrive/MSE/GT/mse-ma-gt-revisitors/Revisitors/Assets/Photon/PhotonRealtime/Code/LoadBalancingClient.cs:4184)
Photon.Realtime.LoadBalancingClient:CallbackRoomEnterFailed (ExitGames.Client.Photon.OperationResponse) (at /media/nicolas/DATA/kDrive/MSE/GT/mse-ma-gt-revisitors/Revisitors/Assets/Photon/PhotonRealtime/Code/LoadBalancingClient.cs:2595)
Photon.Realtime.LoadBalancingClient:OnOperationResponse (ExitGames.Client.Photon.OperationResponse) (at /media/nicolas/DATA/kDrive/MSE/GT/mse-ma-gt-revisitors/Revisitors/Assets/Photon/PhotonRealtime/Code/LoadBalancingClient.cs:2834)
ExitGames.Client.Photon.PeerBase:DeserializeMessageAndCallback (ExitGames.Client.Photon.StreamBuffer) (at D:/Dev/Work/photon-dotnet-sdk/PhotonDotNet/PeerBase.cs:872)
ExitGames.Client.Photon.EnetPeer:DispatchIncomingCommands () (at D:/Dev/Work/photon-dotnet-sdk/PhotonDotNet/EnetPeer.cs:565)
ExitGames.Client.Photon.PhotonPeer:DispatchIncomingCommands () (at D:/Dev/Work/photon-dotnet-sdk/PhotonDotNet/PhotonPeer.cs:1771)
Photon.Pun.PhotonHandler:Dispatch () (at /media/nicolas/DATA/kDrive/MSE/GT/mse-ma-gt-revisitors/Revisitors/Assets/Photon/PhotonUnityNetworking/Code/PhotonHandler.cs:222)
Photon.Pun.PhotonHandler:FixedUpdate () (at /media/nicolas/DATA/kDrive/MSE/GT/mse-ma-gt-revisitors/Revisitors/Assets/Photon/PhotonUnityNetworking/Code/PhotonHandler.cs:145)

(Filename: /media/nicolas/DATA/kDrive/MSE/GT/mse-ma-gt-revisitors/Revisitors/Assets/Network/Launcher.cs Line: 130)

PUN Basics Tutorial/Launcher: OnJoinedRoom() called by PUN. Now this client is in a room.
UnityEngine.StackTraceUtility:ExtractStackTrace () (at /home/bokken/buildslave/unity/build/Runtime/Export/Scripting/StackTrace.cs:37)
UnityEngine.DebugLogHandler:LogFormat (UnityEngine.LogType,UnityEngine.Object,string,object[])
UnityEngine.Logger:Log (UnityEngine.LogType,object)
UnityEngine.Debug:Log (object)
Launcher:OnJoinedRoom () (at /media/nicolas/DATA/kDrive/MSE/GT/mse-ma-gt-revisitors/Revisitors/Assets/Network/Launcher.cs:138)
Photon.Realtime.MatchMakingCallbacksContainer:OnJoinedRoom () (at /media/nicolas/DATA/kDrive/MSE/GT/mse-ma-gt-revisitors/Revisitors/Assets/Photon/PhotonRealtime/Code/LoadBalancingClient.cs:4164)
Photon.Realtime.LoadBalancingClient:OnEvent (ExitGames.Client.Photon.EventData) (at /media/nicolas/DATA/kDrive/MSE/GT/mse-ma-gt-revisitors/Revisitors/Assets/Photon/PhotonRealtime/Code/LoadBalancingClient.cs:3227)
ExitGames.Client.Photon.PeerBase:DeserializeMessageAndCallback (ExitGames.Client.Photon.StreamBuffer) (at D:/Dev/Work/photon-dotnet-sdk/PhotonDotNet/PeerBase.cs:899)
ExitGames.Client.Photon.EnetPeer:DispatchIncomingCommands () (at D:/Dev/Work/photon-dotnet-sdk/PhotonDotNet/EnetPeer.cs:565)
ExitGames.Client.Photon.PhotonPeer:DispatchIncomingCommands () (at D:/Dev/Work/photon-dotnet-sdk/PhotonDotNet/PhotonPeer.cs:1771)
Photon.Pun.PhotonHandler:Dispatch () (at /media/nicolas/DATA/kDrive/MSE/GT/mse-ma-gt-revisitors/Revisitors/Assets/Photon/PhotonUnityNetworking/Code/PhotonHandler.cs:222)
Photon.Pun.PhotonHandler:FixedUpdate () (at /media/nicolas/DATA/kDrive/MSE/GT/mse-ma-gt-revisitors/Revisitors/Assets/Photon/PhotonUnityNetworking/Code/PhotonHandler.cs:145)

(Filename: /media/nicolas/DATA/kDrive/MSE/GT/mse-ma-gt-revisitors/Revisitors/Assets/Network/Launcher.cs Line: 138)

Setting up 2 worker threads for Enlighten.
  Thread -> id: 7f92a54f7700 -> priority: 1 
  Thread -> id: 7f92a4cf6700 -> priority: 1 
##utp:{"type":"MemoryLeaks","version":2,"phase":"Immediate","time":1652027002492,"processId":285571,"allocatedMemory":156888,"memoryLabels":[{"Permanent":40},{"NewDelete":151351},{"Thread":128},{"Manager":1200},{"Serialization":456},{"String":245},{"DynamicArray":4},{"HashMap":1536},{"GI":296},{"VR":1536},{"Subsystems":96}]}
